Beginning Export Process Thu Nov 03 15:29:18 2016
D:\AIAEXPRT\161026_miniFOX1-139~1-141, 2-1~2-29_AIAEXPRT_Tokumoto.AIA\blank1.CDF Translated at Thu Nov 03 15:29:18 2016 Elapsed: 0 sec
D:\AIAEXPRT\161026_miniFOX1-139~1-141, 2-1~2-29_AIAEXPRT_Tokumoto.AIA\blank2.CDF Translated at Thu Nov 03 15:29:18 2016 Elapsed: 1 sec
D:\AIAEXPRT\161026_miniFOX1-139~1-141, 2-1~2-29_AIAEXPRT_Tokumoto.AIA\EM400ng_1.CDF Translated at Thu Nov 03 15:29:19 2016 Elapsed: 0 sec
D:\AIAEXPRT\161026_miniFOX1-139~1-141, 2-1~2-29_AIAEXPRT_Tokumoto.AIA\EM400ng_2.CDF Translated at Thu Nov 03 15:29:19 2016 Elapsed: 0 sec
D:\AIAEXPRT\161026_miniFOX1-139~1-141, 2-1~2-29_AIAEXPRT_Tokumoto.AIA\miniFOX1-128_col-17.CDF Translated at Thu Nov 03 15:29:19 2016 Elapsed: 1 sec
D:\AIAEXPRT\161026_miniFOX1-139~1-141, 2-1~2-29_AIAEXPRT_Tokumoto.AIA\miniFOX1-129_col(syn7)YFP-T1(1)-18.CDF Translated at Thu Nov 03 15:29:20 2016 Elapsed: 1 sec
D:\AIAEXPRT\161026_miniFOX1-139~1-141, 2-1~2-29_AIAEXPRT_Tokumoto.AIA\miniFOX1-139_8d-2.CDF Translated at Thu Nov 03 15:29:21 2016 Elapsed: 0 sec
D:\AIAEXPRT\161026_miniFOX1-139~1-141, 2-1~2-29_AIAEXPRT_Tokumoto.AIA\miniFOX1-140_8d-4.CDF Translated at Thu Nov 03 15:29:21 2016 Elapsed: 1 sec
D:\AIAEXPRT\161026_miniFOX1-139~1-141, 2-1~2-29_AIAEXPRT_Tokumoto.AIA\miniFOX1-141_8d-7.CDF Translated at Thu Nov 03 15:29:22 2016 Elapsed: 0 sec
D:\AIAEXPRT\161026_miniFOX1-139~1-141, 2-1~2-29_AIAEXPRT_Tokumoto.AIA\miniFOX2-001_col-19.CDF Translated at Thu Nov 03 15:29:22 2016 Elapsed: 1 sec
D:\AIAEXPRT\161026_miniFOX1-139~1-141, 2-1~2-29_AIAEXPRT_Tokumoto.AIA\miniFOX2-002_col(syn7)YFP-T1(1)-19.CDF Translated at Thu Nov 03 15:29:23 2016 Elapsed: 1 sec
D:\AIAEXPRT\161026_miniFOX1-139~1-141, 2-1~2-29_AIAEXPRT_Tokumoto.AIA\miniFOX2-003_8e-1.CDF Translated at Thu Nov 03 15:29:24 2016 Elapsed: 0 sec
D:\AIAEXPRT\161026_miniFOX1-139~1-141, 2-1~2-29_AIAEXPRT_Tokumoto.AIA\miniFOX2-004_8e-3.CDF Translated at Thu Nov 03 15:29:24 2016 Elapsed: 1 sec
D:\AIAEXPRT\161026_miniFOX1-139~1-141, 2-1~2-29_AIAEXPRT_Tokumoto.AIA\miniFOX2-005_8e-7.CDF Translated at Thu Nov 03 15:29:25 2016 Elapsed: 1 sec
D:\AIAEXPRT\161026_miniFOX1-139~1-141, 2-1~2-29_AIAEXPRT_Tokumoto.AIA\miniFOX2-006_8f-1.CDF Translated at Thu Nov 03 15:29:26 2016 Elapsed: 0 sec
D:\AIAEXPRT\161026_miniFOX1-139~1-141, 2-1~2-29_AIAEXPRT_Tokumoto.AIA\miniFOX2-007_8f-5.CDF Translated at Thu Nov 03 15:29:26 2016 Elapsed: 1 sec
D:\AIAEXPRT\161026_miniFOX1-139~1-141, 2-1~2-29_AIAEXPRT_Tokumoto.AIA\miniFOX2-008_8f-10.CDF Translated at Thu Nov 03 15:29:27 2016 Elapsed: 1 sec
D:\AIAEXPRT\161026_miniFOX1-139~1-141, 2-1~2-29_AIAEXPRT_Tokumoto.AIA\miniFOX2-009_8g-1.CDF Translated at Thu Nov 03 15:29:28 2016 Elapsed: 1 sec
D:\AIAEXPRT\161026_miniFOX1-139~1-141, 2-1~2-29_AIAEXPRT_Tokumoto.AIA\miniFOX2-010_8g-3.CDF Translated at Thu Nov 03 15:29:29 2016 Elapsed: 0 sec
D:\AIAEXPRT\161026_miniFOX1-139~1-141, 2-1~2-29_AIAEXPRT_Tokumoto.AIA\miniFOX2-011_8g-10.CDF Translated at Thu Nov 03 15:29:29 2016 Elapsed: 1 sec
D:\AIAEXPRT\161026_miniFOX1-139~1-141, 2-1~2-29_AIAEXPRT_Tokumoto.AIA\miniFOX2-012_8h-1.CDF Translated at Thu Nov 03 15:29:30 2016 Elapsed: 1 sec
D:\AIAEXPRT\161026_miniFOX1-139~1-141, 2-1~2-29_AIAEXPRT_Tokumoto.AIA\miniFOX2-013_8h-3.CDF Translated at Thu Nov 03 15:29:31 2016 Elapsed: 0 sec
D:\AIAEXPRT\161026_miniFOX1-139~1-141, 2-1~2-29_AIAEXPRT_Tokumoto.AIA\miniFOX2-014_8h-7.CDF Translated at Thu Nov 03 15:29:31 2016 Elapsed: 1 sec
D:\AIAEXPRT\161026_miniFOX1-139~1-141, 2-1~2-29_AIAEXPRT_Tokumoto.AIA\miniFOX2-015_6f-5.CDF Translated at Thu Nov 03 15:29:32 2016 Elapsed: 1 sec
D:\AIAEXPRT\161026_miniFOX1-139~1-141, 2-1~2-29_AIAEXPRT_Tokumoto.AIA\miniFOX2-016_col-20.CDF Translated at Thu Nov 03 15:29:33 2016 Elapsed: 0 sec
D:\AIAEXPRT\161026_miniFOX1-139~1-141, 2-1~2-29_AIAEXPRT_Tokumoto.AIA\miniFOX2-017_col(syn7)YFP-T1(1)-20.CDF Translated at Thu Nov 03 15:29:33 2016 Elapsed: 1 sec
D:\AIAEXPRT\161026_miniFOX1-139~1-141, 2-1~2-29_AIAEXPRT_Tokumoto.AIA\miniFOX2-018_8i-2.CDF Translated at Thu Nov 03 15:29:34 2016 Elapsed: 1 sec
D:\AIAEXPRT\161026_miniFOX1-139~1-141, 2-1~2-29_AIAEXPRT_Tokumoto.AIA\miniFOX2-019_8i-3.CDF Translated at Thu Nov 03 15:29:35 2016 Elapsed: 0 sec
D:\AIAEXPRT\161026_miniFOX1-139~1-141, 2-1~2-29_AIAEXPRT_Tokumoto.AIA\miniFOX2-020_8i-8.CDF Translated at Thu Nov 03 15:29:35 2016 Elapsed: 1 sec
D:\AIAEXPRT\161026_miniFOX1-139~1-141, 2-1~2-29_AIAEXPRT_Tokumoto.AIA\miniFOX2-021_8j-4.CDF Translated at Thu Nov 03 15:29:36 2016 Elapsed: 1 sec
D:\AIAEXPRT\161026_miniFOX1-139~1-141, 2-1~2-29_AIAEXPRT_Tokumoto.AIA\miniFOX2-022_8j-9.CDF Translated at Thu Nov 03 15:29:37 2016 Elapsed: 0 sec
D:\AIAEXPRT\161026_miniFOX1-139~1-141, 2-1~2-29_AIAEXPRT_Tokumoto.AIA\miniFOX2-023_8j-10.CDF Translated at Thu Nov 03 15:29:37 2016 Elapsed: 1 sec
D:\AIAEXPRT\161026_miniFOX1-139~1-141, 2-1~2-29_AIAEXPRT_Tokumoto.AIA\miniFOX2-024_9a-1.CDF Translated at Thu Nov 03 15:29:38 2016 Elapsed: 1 sec
D:\AIAEXPRT\161026_miniFOX1-139~1-141, 2-1~2-29_AIAEXPRT_Tokumoto.AIA\miniFOX2-025_9a-4.CDF Translated at Thu Nov 03 15:29:39 2016 Elapsed: 0 sec
D:\AIAEXPRT\161026_miniFOX1-139~1-141, 2-1~2-29_AIAEXPRT_Tokumoto.AIA\miniFOX2-026_9a-9.CDF Translated at Thu Nov 03 15:29:39 2016 Elapsed: 1 sec
D:\AIAEXPRT\161026_miniFOX1-139~1-141, 2-1~2-29_AIAEXPRT_Tokumoto.AIA\miniFOX2-027_9b-5.CDF Translated at Thu Nov 03 15:29:40 2016 Elapsed: 1 sec
D:\AIAEXPRT\161026_miniFOX1-139~1-141, 2-1~2-29_AIAEXPRT_Tokumoto.AIA\miniFOX2-028_9b-8.CDF Translated at Thu Nov 03 15:29:41 2016 Elapsed: 1 sec
D:\AIAEXPRT\161026_miniFOX1-139~1-141, 2-1~2-29_AIAEXPRT_Tokumoto.AIA\miniFOX2-029_9b-9.CDF Translated at Thu Nov 03 15:29:42 2016 Elapsed: 0 sec
