Beginning Export Process Fri Oct 14 13:40:21 2016
D:\AIAEXPRT\161007_miniFOX1-36_AIAEXPRT_Tokumoto.AIA\blank1.CDF Translated at Fri Oct 14 13:40:21 2016 Elapsed: 0 sec
D:\AIAEXPRT\161007_miniFOX1-36_AIAEXPRT_Tokumoto.AIA\blank2.CDF Translated at Fri Oct 14 13:40:21 2016 Elapsed: 1 sec
D:\AIAEXPRT\161007_miniFOX1-36_AIAEXPRT_Tokumoto.AIA\EM400ng_1.CDF Translated at Fri Oct 14 13:40:22 2016 Elapsed: 0 sec
D:\AIAEXPRT\161007_miniFOX1-36_AIAEXPRT_Tokumoto.AIA\EM400ng_2.CDF Translated at Fri Oct 14 13:40:22 2016 Elapsed: 0 sec
D:\AIAEXPRT\161007_miniFOX1-36_AIAEXPRT_Tokumoto.AIA\miniFOX001_col(syn7)YFP-T1(1).CDF Translated at Fri Oct 14 13:40:22 2016 Elapsed: 1 sec
D:\AIAEXPRT\161007_miniFOX1-36_AIAEXPRT_Tokumoto.AIA\miniFOX002_1a-1.CDF Translated at Fri Oct 14 13:40:23 2016 Elapsed: 0 sec
D:\AIAEXPRT\161007_miniFOX1-36_AIAEXPRT_Tokumoto.AIA\miniFOX003_1a-2.CDF Translated at Fri Oct 14 13:40:23 2016 Elapsed: 1 sec
D:\AIAEXPRT\161007_miniFOX1-36_AIAEXPRT_Tokumoto.AIA\miniFOX004_1a-4.CDF Translated at Fri Oct 14 13:40:24 2016 Elapsed: 0 sec
D:\AIAEXPRT\161007_miniFOX1-36_AIAEXPRT_Tokumoto.AIA\miniFOX005_1b-1.CDF Translated at Fri Oct 14 13:40:24 2016 Elapsed: 1 sec
D:\AIAEXPRT\161007_miniFOX1-36_AIAEXPRT_Tokumoto.AIA\miniFOX006_1b-2.CDF Translated at Fri Oct 14 13:40:25 2016 Elapsed: 2 sec
D:\AIAEXPRT\161007_miniFOX1-36_AIAEXPRT_Tokumoto.AIA\miniFOX007_1b-7.CDF Translated at Fri Oct 14 13:40:27 2016 Elapsed: 1 sec
D:\AIAEXPRT\161007_miniFOX1-36_AIAEXPRT_Tokumoto.AIA\miniFOX008_col(syn7)YFP-T1(1).CDF Translated at Fri Oct 14 13:40:28 2016 Elapsed: 0 sec
D:\AIAEXPRT\161007_miniFOX1-36_AIAEXPRT_Tokumoto.AIA\miniFOX009_1e-4.CDF Translated at Fri Oct 14 13:40:28 2016 Elapsed: 1 sec
D:\AIAEXPRT\161007_miniFOX1-36_AIAEXPRT_Tokumoto.AIA\miniFOX010_1e-6.CDF Translated at Fri Oct 14 13:40:29 2016 Elapsed: 0 sec
D:\AIAEXPRT\161007_miniFOX1-36_AIAEXPRT_Tokumoto.AIA\miniFOX011_1e-8.CDF Translated at Fri Oct 14 13:40:29 2016 Elapsed: 1 sec
D:\AIAEXPRT\161007_miniFOX1-36_AIAEXPRT_Tokumoto.AIA\miniFOX012_1f-2.CDF Translated at Fri Oct 14 13:40:30 2016 Elapsed: 0 sec
D:\AIAEXPRT\161007_miniFOX1-36_AIAEXPRT_Tokumoto.AIA\miniFOX013_1f-3.CDF Translated at Fri Oct 14 13:40:30 2016 Elapsed: 1 sec
D:\AIAEXPRT\161007_miniFOX1-36_AIAEXPRT_Tokumoto.AIA\miniFOX014_1f-5.CDF Translated at Fri Oct 14 13:40:31 2016 Elapsed: 1 sec
D:\AIAEXPRT\161007_miniFOX1-36_AIAEXPRT_Tokumoto.AIA\miniFOX015_1g-1.CDF Translated at Fri Oct 14 13:40:32 2016 Elapsed: 0 sec
D:\AIAEXPRT\161007_miniFOX1-36_AIAEXPRT_Tokumoto.AIA\miniFOX016_1g-6.CDF Translated at Fri Oct 14 13:40:32 2016 Elapsed: 1 sec
D:\AIAEXPRT\161007_miniFOX1-36_AIAEXPRT_Tokumoto.AIA\miniFOX017_1h-1.CDF Translated at Fri Oct 14 13:40:33 2016 Elapsed: 0 sec
D:\AIAEXPRT\161007_miniFOX1-36_AIAEXPRT_Tokumoto.AIA\miniFOX018_1h-2.CDF Translated at Fri Oct 14 13:40:33 2016 Elapsed: 1 sec
D:\AIAEXPRT\161007_miniFOX1-36_AIAEXPRT_Tokumoto.AIA\miniFOX019_1h-3.CDF Translated at Fri Oct 14 13:40:34 2016 Elapsed: 1 sec
D:\AIAEXPRT\161007_miniFOX1-36_AIAEXPRT_Tokumoto.AIA\miniFOX020_col(syn7)YFP-T1(1).CDF Translated at Fri Oct 14 13:40:35 2016 Elapsed: 0 sec
D:\AIAEXPRT\161007_miniFOX1-36_AIAEXPRT_Tokumoto.AIA\miniFOX021_1i-1.CDF Translated at Fri Oct 14 13:40:35 2016 Elapsed: 1 sec
D:\AIAEXPRT\161007_miniFOX1-36_AIAEXPRT_Tokumoto.AIA\miniFOX022_1i-6.CDF Translated at Fri Oct 14 13:40:36 2016 Elapsed: 0 sec
D:\AIAEXPRT\161007_miniFOX1-36_AIAEXPRT_Tokumoto.AIA\miniFOX023_1i-7.CDF Translated at Fri Oct 14 13:40:36 2016 Elapsed: 1 sec
D:\AIAEXPRT\161007_miniFOX1-36_AIAEXPRT_Tokumoto.AIA\miniFOX024_1j-2.CDF Translated at Fri Oct 14 13:40:37 2016 Elapsed: 1 sec
D:\AIAEXPRT\161007_miniFOX1-36_AIAEXPRT_Tokumoto.AIA\miniFOX025_1j-6.CDF Translated at Fri Oct 14 13:40:38 2016 Elapsed: 0 sec
D:\AIAEXPRT\161007_miniFOX1-36_AIAEXPRT_Tokumoto.AIA\miniFOX026_1j-10.CDF Translated at Fri Oct 14 13:40:38 2016 Elapsed: 1 sec
D:\AIAEXPRT\161007_miniFOX1-36_AIAEXPRT_Tokumoto.AIA\miniFOX027_2a-4.CDF Translated at Fri Oct 14 13:40:39 2016 Elapsed: 0 sec
D:\AIAEXPRT\161007_miniFOX1-36_AIAEXPRT_Tokumoto.AIA\miniFOX028_2a-5.CDF Translated at Fri Oct 14 13:40:39 2016 Elapsed: 1 sec
D:\AIAEXPRT\161007_miniFOX1-36_AIAEXPRT_Tokumoto.AIA\miniFOX029_2a-8.CDF Translated at Fri Oct 14 13:40:40 2016 Elapsed: 1 sec
D:\AIAEXPRT\161007_miniFOX1-36_AIAEXPRT_Tokumoto.AIA\miniFOX030_2c-1.CDF Translated at Fri Oct 14 13:40:41 2016 Elapsed: 0 sec
D:\AIAEXPRT\161007_miniFOX1-36_AIAEXPRT_Tokumoto.AIA\miniFOX031_2c-6.CDF Translated at Fri Oct 14 13:40:41 2016 Elapsed: 1 sec
D:\AIAEXPRT\161007_miniFOX1-36_AIAEXPRT_Tokumoto.AIA\miniFOX032_2c-7.CDF Translated at Fri Oct 14 13:40:42 2016 Elapsed: 0 sec
D:\AIAEXPRT\161007_miniFOX1-36_AIAEXPRT_Tokumoto.AIA\miniFOX033_col(syn7)YFP-T1(1).CDF Translated at Fri Oct 14 13:40:42 2016 Elapsed: 1 sec
D:\AIAEXPRT\161007_miniFOX1-36_AIAEXPRT_Tokumoto.AIA\miniFOX034_2d-1.CDF Translated at Fri Oct 14 13:40:43 2016 Elapsed: 1 sec
D:\AIAEXPRT\161007_miniFOX1-36_AIAEXPRT_Tokumoto.AIA\miniFOX035_2d-3.CDF Translated at Fri Oct 14 13:40:44 2016 Elapsed: 0 sec
D:\AIAEXPRT\161007_miniFOX1-36_AIAEXPRT_Tokumoto.AIA\miniFOX036_2d-8.CDF Translated at Fri Oct 14 13:40:44 2016 Elapsed: 1 sec
