Beginning Export Process Thu Oct 27 11:26:39 2016
D:\AIAEXPRT\161020_miniFOX1-66, 1-70~104_AIAEXPRT_Tokumoto.AIA\blank1.CDF Translated at Thu Oct 27 11:26:39 2016 Elapsed: 0 sec
D:\AIAEXPRT\161020_miniFOX1-66, 1-70~104_AIAEXPRT_Tokumoto.AIA\blank2.CDF Translated at Thu Oct 27 11:26:39 2016 Elapsed: 0 sec
D:\AIAEXPRT\161020_miniFOX1-66, 1-70~104_AIAEXPRT_Tokumoto.AIA\EM400ng_1.CDF Translated at Thu Oct 27 11:26:39 2016 Elapsed: 1 sec
D:\AIAEXPRT\161020_miniFOX1-66, 1-70~104_AIAEXPRT_Tokumoto.AIA\EM400ng_2.CDF Translated at Thu Oct 27 11:26:40 2016 Elapsed: 0 sec
D:\AIAEXPRT\161020_miniFOX1-66, 1-70~104_AIAEXPRT_Tokumoto.AIA\miniFOX1-066_col(syn7)YFP-T1(1)-13.CDF Translated at Thu Oct 27 11:26:40 2016 Elapsed: 1 sec
D:\AIAEXPRT\161020_miniFOX1-66, 1-70~104_AIAEXPRT_Tokumoto.AIA\miniFOX1-070_5g-2.CDF Translated at Thu Oct 27 11:26:41 2016 Elapsed: 0 sec
D:\AIAEXPRT\161020_miniFOX1-66, 1-70~104_AIAEXPRT_Tokumoto.AIA\miniFOX1-071_5g-5.CDF Translated at Thu Oct 27 11:26:41 2016 Elapsed: 1 sec
D:\AIAEXPRT\161020_miniFOX1-66, 1-70~104_AIAEXPRT_Tokumoto.AIA\miniFOX1-072_5g-7.CDF Translated at Thu Oct 27 11:26:42 2016 Elapsed: 0 sec
D:\AIAEXPRT\161020_miniFOX1-66, 1-70~104_AIAEXPRT_Tokumoto.AIA\miniFOX1-073_5h-1.CDF Translated at Thu Oct 27 11:26:42 2016 Elapsed: 1 sec
D:\AIAEXPRT\161020_miniFOX1-66, 1-70~104_AIAEXPRT_Tokumoto.AIA\miniFOX1-074_5h-2.CDF Translated at Thu Oct 27 11:26:43 2016 Elapsed: 1 sec
D:\AIAEXPRT\161020_miniFOX1-66, 1-70~104_AIAEXPRT_Tokumoto.AIA\miniFOX1-075_5h-4.CDF Translated at Thu Oct 27 11:26:44 2016 Elapsed: 0 sec
D:\AIAEXPRT\161020_miniFOX1-66, 1-70~104_AIAEXPRT_Tokumoto.AIA\miniFOX1-076_5i-3.CDF Translated at Thu Oct 27 11:26:44 2016 Elapsed: 1 sec
D:\AIAEXPRT\161020_miniFOX1-66, 1-70~104_AIAEXPRT_Tokumoto.AIA\miniFOX1-077_5i-4.CDF Translated at Thu Oct 27 11:26:45 2016 Elapsed: 0 sec
D:\AIAEXPRT\161020_miniFOX1-66, 1-70~104_AIAEXPRT_Tokumoto.AIA\miniFOX1-078_5i-6.CDF Translated at Thu Oct 27 11:26:45 2016 Elapsed: 1 sec
D:\AIAEXPRT\161020_miniFOX1-66, 1-70~104_AIAEXPRT_Tokumoto.AIA\miniFOX1-079_col(syn7)YFP-T1(1)-14.CDF Translated at Thu Oct 27 11:26:46 2016 Elapsed: 1 sec
D:\AIAEXPRT\161020_miniFOX1-66, 1-70~104_AIAEXPRT_Tokumoto.AIA\miniFOX1-080_6a-6.CDF Translated at Thu Oct 27 11:26:47 2016 Elapsed: 0 sec
D:\AIAEXPRT\161020_miniFOX1-66, 1-70~104_AIAEXPRT_Tokumoto.AIA\miniFOX1-081_6a-8.CDF Translated at Thu Oct 27 11:26:47 2016 Elapsed: 1 sec
D:\AIAEXPRT\161020_miniFOX1-66, 1-70~104_AIAEXPRT_Tokumoto.AIA\miniFOX1-082_6a-10.CDF Translated at Thu Oct 27 11:26:48 2016 Elapsed: 0 sec
D:\AIAEXPRT\161020_miniFOX1-66, 1-70~104_AIAEXPRT_Tokumoto.AIA\miniFOX1-083_6b-5.CDF Translated at Thu Oct 27 11:26:48 2016 Elapsed: 1 sec
D:\AIAEXPRT\161020_miniFOX1-66, 1-70~104_AIAEXPRT_Tokumoto.AIA\miniFOX1-084_6b-8.CDF Translated at Thu Oct 27 11:26:49 2016 Elapsed: 1 sec
D:\AIAEXPRT\161020_miniFOX1-66, 1-70~104_AIAEXPRT_Tokumoto.AIA\miniFOX1-085_6b-9.CDF Translated at Thu Oct 27 11:26:50 2016 Elapsed: 0 sec
D:\AIAEXPRT\161020_miniFOX1-66, 1-70~104_AIAEXPRT_Tokumoto.AIA\miniFOX1-086_6c-1.CDF Translated at Thu Oct 27 11:26:50 2016 Elapsed: 1 sec
D:\AIAEXPRT\161020_miniFOX1-66, 1-70~104_AIAEXPRT_Tokumoto.AIA\miniFOX1-087_6c-7.CDF Translated at Thu Oct 27 11:26:51 2016 Elapsed: 0 sec
D:\AIAEXPRT\161020_miniFOX1-66, 1-70~104_AIAEXPRT_Tokumoto.AIA\miniFOX1-088_6c-8.CDF Translated at Thu Oct 27 11:26:51 2016 Elapsed: 1 sec
D:\AIAEXPRT\161020_miniFOX1-66, 1-70~104_AIAEXPRT_Tokumoto.AIA\miniFOX1-089_6d-6.CDF Translated at Thu Oct 27 11:26:52 2016 Elapsed: 1 sec
D:\AIAEXPRT\161020_miniFOX1-66, 1-70~104_AIAEXPRT_Tokumoto.AIA\miniFOX1-090_6d-9.CDF Translated at Thu Oct 27 11:26:53 2016 Elapsed: 0 sec
D:\AIAEXPRT\161020_miniFOX1-66, 1-70~104_AIAEXPRT_Tokumoto.AIA\miniFOX1-091_col(syn7)YFP-T1(1)-15.CDF Translated at Thu Oct 27 11:26:53 2016 Elapsed: 1 sec
D:\AIAEXPRT\161020_miniFOX1-66, 1-70~104_AIAEXPRT_Tokumoto.AIA\miniFOX1-092_6e-3.CDF Translated at Thu Oct 27 11:26:54 2016 Elapsed: 1 sec
D:\AIAEXPRT\161020_miniFOX1-66, 1-70~104_AIAEXPRT_Tokumoto.AIA\miniFOX1-093_6e-6.CDF Translated at Thu Oct 27 11:26:55 2016 Elapsed: 3 sec
D:\AIAEXPRT\161020_miniFOX1-66, 1-70~104_AIAEXPRT_Tokumoto.AIA\miniFOX1-094_6f-10.CDF Translated at Thu Oct 27 11:26:58 2016 Elapsed: 1 sec
D:\AIAEXPRT\161020_miniFOX1-66, 1-70~104_AIAEXPRT_Tokumoto.AIA\miniFOX1-095_7a-1.CDF Translated at Thu Oct 27 11:26:59 2016 Elapsed: 1 sec
D:\AIAEXPRT\161020_miniFOX1-66, 1-70~104_AIAEXPRT_Tokumoto.AIA\miniFOX1-096_7a-8.CDF Translated at Thu Oct 27 11:27:00 2016 Elapsed: 0 sec
D:\AIAEXPRT\161020_miniFOX1-66, 1-70~104_AIAEXPRT_Tokumoto.AIA\miniFOX1-097_7b-2.CDF Translated at Thu Oct 27 11:27:00 2016 Elapsed: 1 sec
D:\AIAEXPRT\161020_miniFOX1-66, 1-70~104_AIAEXPRT_Tokumoto.AIA\miniFOX1-098_7b-7.CDF Translated at Thu Oct 27 11:27:01 2016 Elapsed: 0 sec
D:\AIAEXPRT\161020_miniFOX1-66, 1-70~104_AIAEXPRT_Tokumoto.AIA\miniFOX1-099_7b-9.CDF Translated at Thu Oct 27 11:27:01 2016 Elapsed: 1 sec
D:\AIAEXPRT\161020_miniFOX1-66, 1-70~104_AIAEXPRT_Tokumoto.AIA\miniFOX1-100_col(syn7)YFP-T1(1)-16.CDF Translated at Thu Oct 27 11:27:02 2016 Elapsed: 1 sec
D:\AIAEXPRT\161020_miniFOX1-66, 1-70~104_AIAEXPRT_Tokumoto.AIA\miniFOX1-101_6d-10.CDF Translated at Thu Oct 27 11:27:03 2016 Elapsed: 0 sec
D:\AIAEXPRT\161020_miniFOX1-66, 1-70~104_AIAEXPRT_Tokumoto.AIA\miniFOX1-102_7c-2.CDF Translated at Thu Oct 27 11:27:03 2016 Elapsed: 1 sec
D:\AIAEXPRT\161020_miniFOX1-66, 1-70~104_AIAEXPRT_Tokumoto.AIA\miniFOX1-103_7c-6.CDF Translated at Thu Oct 27 11:27:04 2016 Elapsed: 0 sec
D:\AIAEXPRT\161020_miniFOX1-66, 1-70~104_AIAEXPRT_Tokumoto.AIA\miniFOX1-104_7c-9.CDF Translated at Thu Oct 27 11:27:04 2016 Elapsed: 1 sec
