Beginning Export Process Thu Oct 27 11:27:59 2016
D:\AIAEXPRT\161024_miniFOX1-100, 1-105~138_AIAEXPRT_Tokumoto.AIA\blank1.CDF Translated at Thu Oct 27 11:27:59 2016 Elapsed: 1 sec
D:\AIAEXPRT\161024_miniFOX1-100, 1-105~138_AIAEXPRT_Tokumoto.AIA\blank2.CDF Translated at Thu Oct 27 11:28:00 2016 Elapsed: 0 sec
D:\AIAEXPRT\161024_miniFOX1-100, 1-105~138_AIAEXPRT_Tokumoto.AIA\EM400ng_1.CDF Translated at Thu Oct 27 11:28:00 2016 Elapsed: 1 sec
D:\AIAEXPRT\161024_miniFOX1-100, 1-105~138_AIAEXPRT_Tokumoto.AIA\EM400ng_2.CDF Translated at Thu Oct 27 11:28:01 2016 Elapsed: 0 sec
D:\AIAEXPRT\161024_miniFOX1-100, 1-105~138_AIAEXPRT_Tokumoto.AIA\miniFOX1-100_col(syn7)YFP-T1(1)-16.CDF Translated at Thu Oct 27 11:28:01 2016 Elapsed: 0 sec
D:\AIAEXPRT\161024_miniFOX1-100, 1-105~138_AIAEXPRT_Tokumoto.AIA\miniFOX1-105_7d-1.CDF Translated at Thu Oct 27 11:28:01 2016 Elapsed: 1 sec
D:\AIAEXPRT\161024_miniFOX1-100, 1-105~138_AIAEXPRT_Tokumoto.AIA\miniFOX1-106_7d-8.CDF Translated at Thu Oct 27 11:28:02 2016 Elapsed: 1 sec
D:\AIAEXPRT\161024_miniFOX1-100, 1-105~138_AIAEXPRT_Tokumoto.AIA\miniFOX1-107_7d-9.CDF Translated at Thu Oct 27 11:28:03 2016 Elapsed: 0 sec
D:\AIAEXPRT\161024_miniFOX1-100, 1-105~138_AIAEXPRT_Tokumoto.AIA\miniFOX1-108_7e-2.CDF Translated at Thu Oct 27 11:28:03 2016 Elapsed: 1 sec
D:\AIAEXPRT\161024_miniFOX1-100, 1-105~138_AIAEXPRT_Tokumoto.AIA\miniFOX1-109_7e-3.CDF Translated at Thu Oct 27 11:28:04 2016 Elapsed: 0 sec
D:\AIAEXPRT\161024_miniFOX1-100, 1-105~138_AIAEXPRT_Tokumoto.AIA\miniFOX1-110_7e-6.CDF Translated at Thu Oct 27 11:28:04 2016 Elapsed: 1 sec
D:\AIAEXPRT\161024_miniFOX1-100, 1-105~138_AIAEXPRT_Tokumoto.AIA\miniFOX1-111_7f-3.CDF Translated at Thu Oct 27 11:28:05 2016 Elapsed: 1 sec
D:\AIAEXPRT\161024_miniFOX1-100, 1-105~138_AIAEXPRT_Tokumoto.AIA\miniFOX1-112_7f-4.CDF Translated at Thu Oct 27 11:28:06 2016 Elapsed: 0 sec
D:\AIAEXPRT\161024_miniFOX1-100, 1-105~138_AIAEXPRT_Tokumoto.AIA\miniFOX1-113_7f-6.CDF Translated at Thu Oct 27 11:28:06 2016 Elapsed: 1 sec
D:\AIAEXPRT\161024_miniFOX1-100, 1-105~138_AIAEXPRT_Tokumoto.AIA\miniFOX1-114_col-17.CDF Translated at Thu Oct 27 11:28:07 2016 Elapsed: 0 sec
D:\AIAEXPRT\161024_miniFOX1-100, 1-105~138_AIAEXPRT_Tokumoto.AIA\miniFOX1-115__col(syn7)YFP-T1(1)-17.CDF Translated at Thu Oct 27 11:28:07 2016 Elapsed: 1 sec
D:\AIAEXPRT\161024_miniFOX1-100, 1-105~138_AIAEXPRT_Tokumoto.AIA\miniFOX1-116_7g-3.CDF Translated at Thu Oct 27 11:28:08 2016 Elapsed: 1 sec
D:\AIAEXPRT\161024_miniFOX1-100, 1-105~138_AIAEXPRT_Tokumoto.AIA\miniFOX1-117_7g-4.CDF Translated at Thu Oct 27 11:28:09 2016 Elapsed: 0 sec
D:\AIAEXPRT\161024_miniFOX1-100, 1-105~138_AIAEXPRT_Tokumoto.AIA\miniFOX1-118_7g-9.CDF Translated at Thu Oct 27 11:28:09 2016 Elapsed: 1 sec
D:\AIAEXPRT\161024_miniFOX1-100, 1-105~138_AIAEXPRT_Tokumoto.AIA\miniFOX1-119_7h-1.CDF Translated at Thu Oct 27 11:28:10 2016 Elapsed: 0 sec
D:\AIAEXPRT\161024_miniFOX1-100, 1-105~138_AIAEXPRT_Tokumoto.AIA\miniFOX1-120_7h-2.CDF Translated at Thu Oct 27 11:28:10 2016 Elapsed: 1 sec
D:\AIAEXPRT\161024_miniFOX1-100, 1-105~138_AIAEXPRT_Tokumoto.AIA\miniFOX1-121_7h-7.CDF Translated at Thu Oct 27 11:28:11 2016 Elapsed: 1 sec
D:\AIAEXPRT\161024_miniFOX1-100, 1-105~138_AIAEXPRT_Tokumoto.AIA\miniFOX1-122_7i-3.CDF Translated at Thu Oct 27 11:28:12 2016 Elapsed: 0 sec
D:\AIAEXPRT\161024_miniFOX1-100, 1-105~138_AIAEXPRT_Tokumoto.AIA\miniFOX1-123_7i-5.CDF Translated at Thu Oct 27 11:28:12 2016 Elapsed: 1 sec
D:\AIAEXPRT\161024_miniFOX1-100, 1-105~138_AIAEXPRT_Tokumoto.AIA\miniFOX1-124_7i-8.CDF Translated at Thu Oct 27 11:28:13 2016 Elapsed: 0 sec
D:\AIAEXPRT\161024_miniFOX1-100, 1-105~138_AIAEXPRT_Tokumoto.AIA\miniFOX1-125_7j-1.CDF Translated at Thu Oct 27 11:28:13 2016 Elapsed: 1 sec
D:\AIAEXPRT\161024_miniFOX1-100, 1-105~138_AIAEXPRT_Tokumoto.AIA\miniFOX1-126_7j-2.CDF Translated at Thu Oct 27 11:28:14 2016 Elapsed: 1 sec
D:\AIAEXPRT\161024_miniFOX1-100, 1-105~138_AIAEXPRT_Tokumoto.AIA\miniFOX1-127_7j-9.CDF Translated at Thu Oct 27 11:28:15 2016 Elapsed: 0 sec
D:\AIAEXPRT\161024_miniFOX1-100, 1-105~138_AIAEXPRT_Tokumoto.AIA\miniFOX1-128_col-18.CDF Translated at Thu Oct 27 11:28:15 2016 Elapsed: 1 sec
D:\AIAEXPRT\161024_miniFOX1-100, 1-105~138_AIAEXPRT_Tokumoto.AIA\miniFOX1-129__col(syn7)YFP-T1(1)-18.CDF Translated at Thu Oct 27 11:28:16 2016 Elapsed: 0 sec
D:\AIAEXPRT\161024_miniFOX1-100, 1-105~138_AIAEXPRT_Tokumoto.AIA\miniFOX1-130_8a-4.CDF Translated at Thu Oct 27 11:28:16 2016 Elapsed: 1 sec
D:\AIAEXPRT\161024_miniFOX1-100, 1-105~138_AIAEXPRT_Tokumoto.AIA\miniFOX1-131_8a-5.CDF Translated at Thu Oct 27 11:28:17 2016 Elapsed: 1 sec
D:\AIAEXPRT\161024_miniFOX1-100, 1-105~138_AIAEXPRT_Tokumoto.AIA\miniFOX1-132_8a-9.CDF Translated at Thu Oct 27 11:28:18 2016 Elapsed: 0 sec
D:\AIAEXPRT\161024_miniFOX1-100, 1-105~138_AIAEXPRT_Tokumoto.AIA\miniFOX1-133_8b-3.CDF Translated at Thu Oct 27 11:28:18 2016 Elapsed: 1 sec
D:\AIAEXPRT\161024_miniFOX1-100, 1-105~138_AIAEXPRT_Tokumoto.AIA\miniFOX1-134_8b-6.CDF Translated at Thu Oct 27 11:28:19 2016 Elapsed: 0 sec
D:\AIAEXPRT\161024_miniFOX1-100, 1-105~138_AIAEXPRT_Tokumoto.AIA\miniFOX1-135_8b-9.CDF Translated at Thu Oct 27 11:28:19 2016 Elapsed: 1 sec
D:\AIAEXPRT\161024_miniFOX1-100, 1-105~138_AIAEXPRT_Tokumoto.AIA\miniFOX1-136_8c-1.CDF Translated at Thu Oct 27 11:28:20 2016 Elapsed: 1 sec
D:\AIAEXPRT\161024_miniFOX1-100, 1-105~138_AIAEXPRT_Tokumoto.AIA\miniFOX1-137_8c-3.CDF Translated at Thu Oct 27 11:28:21 2016 Elapsed: 0 sec
D:\AIAEXPRT\161024_miniFOX1-100, 1-105~138_AIAEXPRT_Tokumoto.AIA\miniFOX1-138_8c-4.CDF Translated at Thu Oct 27 11:28:21 2016 Elapsed: 1 sec
