Beginning Export Process Fri Oct 14 13:42:23 2016
D:\AIAEXPRT\161010_miniFOX33, 37-71_AIAEXPRT_Tokumoto.AIA\blank1.CDF Translated at Fri Oct 14 13:42:23 2016 Elapsed: 0 sec
D:\AIAEXPRT\161010_miniFOX33, 37-71_AIAEXPRT_Tokumoto.AIA\blank2.CDF Translated at Fri Oct 14 13:42:23 2016 Elapsed: 1 sec
D:\AIAEXPRT\161010_miniFOX33, 37-71_AIAEXPRT_Tokumoto.AIA\EM400ng_1.CDF Translated at Fri Oct 14 13:42:24 2016 Elapsed: 0 sec
D:\AIAEXPRT\161010_miniFOX33, 37-71_AIAEXPRT_Tokumoto.AIA\EM400ng_2.CDF Translated at Fri Oct 14 13:42:24 2016 Elapsed: 0 sec
D:\AIAEXPRT\161010_miniFOX33, 37-71_AIAEXPRT_Tokumoto.AIA\miniFOX033_col(syn7)YFP-T1(1).CDF Translated at Fri Oct 14 13:42:24 2016 Elapsed: 1 sec
D:\AIAEXPRT\161010_miniFOX33, 37-71_AIAEXPRT_Tokumoto.AIA\miniFOX037_2e-3.CDF Translated at Fri Oct 14 13:42:25 2016 Elapsed: 0 sec
D:\AIAEXPRT\161010_miniFOX33, 37-71_AIAEXPRT_Tokumoto.AIA\miniFOX038_2e-4.CDF Translated at Fri Oct 14 13:42:25 2016 Elapsed: 1 sec
D:\AIAEXPRT\161010_miniFOX33, 37-71_AIAEXPRT_Tokumoto.AIA\miniFOX039_2e-7.CDF Translated at Fri Oct 14 13:42:26 2016 Elapsed: 1 sec
D:\AIAEXPRT\161010_miniFOX33, 37-71_AIAEXPRT_Tokumoto.AIA\miniFOX040_2f-1.CDF Translated at Fri Oct 14 13:42:27 2016 Elapsed: 0 sec
D:\AIAEXPRT\161010_miniFOX33, 37-71_AIAEXPRT_Tokumoto.AIA\miniFOX041_2f-2.CDF Translated at Fri Oct 14 13:42:27 2016 Elapsed: 1 sec
D:\AIAEXPRT\161010_miniFOX33, 37-71_AIAEXPRT_Tokumoto.AIA\miniFOX042_2f-7.CDF Translated at Fri Oct 14 13:42:28 2016 Elapsed: 2 sec
D:\AIAEXPRT\161010_miniFOX33, 37-71_AIAEXPRT_Tokumoto.AIA\miniFOX043_2g-1.CDF Translated at Fri Oct 14 13:42:30 2016 Elapsed: 1 sec
D:\AIAEXPRT\161010_miniFOX33, 37-71_AIAEXPRT_Tokumoto.AIA\miniFOX044_2g-4.CDF Translated at Fri Oct 14 13:42:31 2016 Elapsed: 0 sec
D:\AIAEXPRT\161010_miniFOX33, 37-71_AIAEXPRT_Tokumoto.AIA\miniFOX045_2g-8.CDF Translated at Fri Oct 14 13:42:31 2016 Elapsed: 1 sec
D:\AIAEXPRT\161010_miniFOX33, 37-71_AIAEXPRT_Tokumoto.AIA\miniFOX046_col(syn7)YFP-T1(1).CDF Translated at Fri Oct 14 13:42:32 2016 Elapsed: 1 sec
D:\AIAEXPRT\161010_miniFOX33, 37-71_AIAEXPRT_Tokumoto.AIA\miniFOX047_2h-2.CDF Translated at Fri Oct 14 13:42:33 2016 Elapsed: 0 sec
D:\AIAEXPRT\161010_miniFOX33, 37-71_AIAEXPRT_Tokumoto.AIA\miniFOX048_2h-7.CDF Translated at Fri Oct 14 13:42:33 2016 Elapsed: 1 sec
D:\AIAEXPRT\161010_miniFOX33, 37-71_AIAEXPRT_Tokumoto.AIA\miniFOX049_2h-9.CDF Translated at Fri Oct 14 13:42:34 2016 Elapsed: 0 sec
D:\AIAEXPRT\161010_miniFOX33, 37-71_AIAEXPRT_Tokumoto.AIA\miniFOX050_2i-1.CDF Translated at Fri Oct 14 13:42:34 2016 Elapsed: 1 sec
D:\AIAEXPRT\161010_miniFOX33, 37-71_AIAEXPRT_Tokumoto.AIA\miniFOX051_2i-4.CDF Translated at Fri Oct 14 13:42:35 2016 Elapsed: 0 sec
D:\AIAEXPRT\161010_miniFOX33, 37-71_AIAEXPRT_Tokumoto.AIA\miniFOX052_2i-9.CDF Translated at Fri Oct 14 13:42:35 2016 Elapsed: 1 sec
D:\AIAEXPRT\161010_miniFOX33, 37-71_AIAEXPRT_Tokumoto.AIA\miniFOX053_2j-3.CDF Translated at Fri Oct 14 13:42:36 2016 Elapsed: 1 sec
D:\AIAEXPRT\161010_miniFOX33, 37-71_AIAEXPRT_Tokumoto.AIA\miniFOX054_2j-5.CDF Translated at Fri Oct 14 13:42:37 2016 Elapsed: 0 sec
D:\AIAEXPRT\161010_miniFOX33, 37-71_AIAEXPRT_Tokumoto.AIA\miniFOX055_2j-6.CDF Translated at Fri Oct 14 13:42:37 2016 Elapsed: 1 sec
D:\AIAEXPRT\161010_miniFOX33, 37-71_AIAEXPRT_Tokumoto.AIA\miniFOX056_3a-3.CDF Translated at Fri Oct 14 13:42:38 2016 Elapsed: 0 sec
D:\AIAEXPRT\161010_miniFOX33, 37-71_AIAEXPRT_Tokumoto.AIA\miniFOX057_3a-4.CDF Translated at Fri Oct 14 13:42:38 2016 Elapsed: 1 sec
D:\AIAEXPRT\161010_miniFOX33, 37-71_AIAEXPRT_Tokumoto.AIA\miniFOX058_3a-8.CDF Translated at Fri Oct 14 13:42:39 2016 Elapsed: 1 sec
D:\AIAEXPRT\161010_miniFOX33, 37-71_AIAEXPRT_Tokumoto.AIA\miniFOX059_col(syn7)YFP-T1(1).CDF Translated at Fri Oct 14 13:42:40 2016 Elapsed: 0 sec
D:\AIAEXPRT\161010_miniFOX33, 37-71_AIAEXPRT_Tokumoto.AIA\miniFOX060_3b-1.CDF Translated at Fri Oct 14 13:42:40 2016 Elapsed: 1 sec
D:\AIAEXPRT\161010_miniFOX33, 37-71_AIAEXPRT_Tokumoto.AIA\miniFOX061_3b-9.CDF Translated at Fri Oct 14 13:42:41 2016 Elapsed: 0 sec
D:\AIAEXPRT\161010_miniFOX33, 37-71_AIAEXPRT_Tokumoto.AIA\miniFOX062_3b-10.CDF Translated at Fri Oct 14 13:42:41 2016 Elapsed: 1 sec
D:\AIAEXPRT\161010_miniFOX33, 37-71_AIAEXPRT_Tokumoto.AIA\miniFOX063_3c-1.CDF Translated at Fri Oct 14 13:42:42 2016 Elapsed: 0 sec
D:\AIAEXPRT\161010_miniFOX33, 37-71_AIAEXPRT_Tokumoto.AIA\miniFOX064_3c-4.CDF Translated at Fri Oct 14 13:42:42 2016 Elapsed: 1 sec
D:\AIAEXPRT\161010_miniFOX33, 37-71_AIAEXPRT_Tokumoto.AIA\miniFOX065_3c-10.CDF Translated at Fri Oct 14 13:42:43 2016 Elapsed: 1 sec
D:\AIAEXPRT\161010_miniFOX33, 37-71_AIAEXPRT_Tokumoto.AIA\miniFOX066_3d-1.CDF Translated at Fri Oct 14 13:42:44 2016 Elapsed: 0 sec
D:\AIAEXPRT\161010_miniFOX33, 37-71_AIAEXPRT_Tokumoto.AIA\miniFOX067_3d-6.CDF Translated at Fri Oct 14 13:42:44 2016 Elapsed: 1 sec
D:\AIAEXPRT\161010_miniFOX33, 37-71_AIAEXPRT_Tokumoto.AIA\miniFOX068_3d-7.CDF Translated at Fri Oct 14 13:42:45 2016 Elapsed: 0 sec
D:\AIAEXPRT\161010_miniFOX33, 37-71_AIAEXPRT_Tokumoto.AIA\miniFOX069_3e-2.CDF Translated at Fri Oct 14 13:42:45 2016 Elapsed: 1 sec
D:\AIAEXPRT\161010_miniFOX33, 37-71_AIAEXPRT_Tokumoto.AIA\miniFOX070_3e-6.CDF Translated at Fri Oct 14 13:42:46 2016 Elapsed: 0 sec
D:\AIAEXPRT\161010_miniFOX33, 37-71_AIAEXPRT_Tokumoto.AIA\miniFOX071_3e-7.CDF Translated at Fri Oct 14 13:42:46 2016 Elapsed: 1 sec
