Beginning Export Process Thu Oct 27 11:25:15 2016
D:\AIAEXPRT\161018_miniFOX1-26, 1-35~69_AIAEXPRT_Tokumoto.AIA\blank1.CDF Translated at Thu Oct 27 11:25:15 2016 Elapsed: 1 sec
D:\AIAEXPRT\161018_miniFOX1-26, 1-35~69_AIAEXPRT_Tokumoto.AIA\blank2.CDF Translated at Thu Oct 27 11:25:16 2016 Elapsed: 0 sec
D:\AIAEXPRT\161018_miniFOX1-26, 1-35~69_AIAEXPRT_Tokumoto.AIA\EM400ng_1.CDF Translated at Thu Oct 27 11:25:16 2016 Elapsed: 0 sec
D:\AIAEXPRT\161018_miniFOX1-26, 1-35~69_AIAEXPRT_Tokumoto.AIA\EM400ng_2.CDF Translated at Thu Oct 27 11:25:16 2016 Elapsed: 1 sec
D:\AIAEXPRT\161018_miniFOX1-26, 1-35~69_AIAEXPRT_Tokumoto.AIA\miniFOX1-026_col(syn7)YFP-T1(1)-10.CDF Translated at Thu Oct 27 11:25:17 2016 Elapsed: 0 sec
D:\AIAEXPRT\161018_miniFOX1-26, 1-35~69_AIAEXPRT_Tokumoto.AIA\miniFOX1-035_4f-1.CDF Translated at Thu Oct 27 11:25:17 2016 Elapsed: 1 sec
D:\AIAEXPRT\161018_miniFOX1-26, 1-35~69_AIAEXPRT_Tokumoto.AIA\miniFOX1-036_4f-7.CDF Translated at Thu Oct 27 11:25:18 2016 Elapsed: 0 sec
D:\AIAEXPRT\161018_miniFOX1-26, 1-35~69_AIAEXPRT_Tokumoto.AIA\miniFOX1-037_4f-8.CDF Translated at Thu Oct 27 11:25:18 2016 Elapsed: 1 sec
D:\AIAEXPRT\161018_miniFOX1-26, 1-35~69_AIAEXPRT_Tokumoto.AIA\miniFOX1-038_4g-1.CDF Translated at Thu Oct 27 11:25:19 2016 Elapsed: 1 sec
D:\AIAEXPRT\161018_miniFOX1-26, 1-35~69_AIAEXPRT_Tokumoto.AIA\miniFOX1-039_4g-6.CDF Translated at Thu Oct 27 11:25:20 2016 Elapsed: 0 sec
D:\AIAEXPRT\161018_miniFOX1-26, 1-35~69_AIAEXPRT_Tokumoto.AIA\miniFOX1-040_4g-9.CDF Translated at Thu Oct 27 11:25:20 2016 Elapsed: 1 sec
D:\AIAEXPRT\161018_miniFOX1-26, 1-35~69_AIAEXPRT_Tokumoto.AIA\miniFOX1-041_col(syn7)YFP-T1(1)-11.CDF Translated at Thu Oct 27 11:25:21 2016 Elapsed: 0 sec
D:\AIAEXPRT\161018_miniFOX1-26, 1-35~69_AIAEXPRT_Tokumoto.AIA\miniFOX1-042_4h-2+4h-6.CDF Translated at Thu Oct 27 11:25:21 2016 Elapsed: 1 sec
D:\AIAEXPRT\161018_miniFOX1-26, 1-35~69_AIAEXPRT_Tokumoto.AIA\miniFOX1-043_4h-7.CDF Translated at Thu Oct 27 11:25:22 2016 Elapsed: 1 sec
D:\AIAEXPRT\161018_miniFOX1-26, 1-35~69_AIAEXPRT_Tokumoto.AIA\miniFOX1-044_4i-1.CDF Translated at Thu Oct 27 11:25:23 2016 Elapsed: 0 sec
D:\AIAEXPRT\161018_miniFOX1-26, 1-35~69_AIAEXPRT_Tokumoto.AIA\miniFOX1-045_4i-2.CDF Translated at Thu Oct 27 11:25:23 2016 Elapsed: 1 sec
D:\AIAEXPRT\161018_miniFOX1-26, 1-35~69_AIAEXPRT_Tokumoto.AIA\miniFOX1-046_4i-7.CDF Translated at Thu Oct 27 11:25:24 2016 Elapsed: 0 sec
D:\AIAEXPRT\161018_miniFOX1-26, 1-35~69_AIAEXPRT_Tokumoto.AIA\miniFOX1-047_4j-1.CDF Translated at Thu Oct 27 11:25:24 2016 Elapsed: 1 sec
D:\AIAEXPRT\161018_miniFOX1-26, 1-35~69_AIAEXPRT_Tokumoto.AIA\miniFOX1-048_4j-4.CDF Translated at Thu Oct 27 11:25:25 2016 Elapsed: 0 sec
D:\AIAEXPRT\161018_miniFOX1-26, 1-35~69_AIAEXPRT_Tokumoto.AIA\miniFOX1-049_4j-7.CDF Translated at Thu Oct 27 11:25:25 2016 Elapsed: 1 sec
D:\AIAEXPRT\161018_miniFOX1-26, 1-35~69_AIAEXPRT_Tokumoto.AIA\miniFOX1-050_5a-3.CDF Translated at Thu Oct 27 11:25:26 2016 Elapsed: 1 sec
D:\AIAEXPRT\161018_miniFOX1-26, 1-35~69_AIAEXPRT_Tokumoto.AIA\miniFOX1-051_5a-6.CDF Translated at Thu Oct 27 11:25:27 2016 Elapsed: 0 sec
D:\AIAEXPRT\161018_miniFOX1-26, 1-35~69_AIAEXPRT_Tokumoto.AIA\miniFOX1-052_5a-7.CDF Translated at Thu Oct 27 11:25:27 2016 Elapsed: 1 sec
D:\AIAEXPRT\161018_miniFOX1-26, 1-35~69_AIAEXPRT_Tokumoto.AIA\miniFOX1-053_col(syn7)YFP-T1(1)-12.CDF Translated at Thu Oct 27 11:25:28 2016 Elapsed: 0 sec
D:\AIAEXPRT\161018_miniFOX1-26, 1-35~69_AIAEXPRT_Tokumoto.AIA\miniFOX1-054_5b-2.CDF Translated at Thu Oct 27 11:25:28 2016 Elapsed: 1 sec
D:\AIAEXPRT\161018_miniFOX1-26, 1-35~69_AIAEXPRT_Tokumoto.AIA\miniFOX1-055_5b-6.CDF Translated at Thu Oct 27 11:25:29 2016 Elapsed: 1 sec
D:\AIAEXPRT\161018_miniFOX1-26, 1-35~69_AIAEXPRT_Tokumoto.AIA\miniFOX1-056_5b-7.CDF Translated at Thu Oct 27 11:25:30 2016 Elapsed: 0 sec
D:\AIAEXPRT\161018_miniFOX1-26, 1-35~69_AIAEXPRT_Tokumoto.AIA\miniFOX1-057_5c-1.CDF Translated at Thu Oct 27 11:25:30 2016 Elapsed: 1 sec
D:\AIAEXPRT\161018_miniFOX1-26, 1-35~69_AIAEXPRT_Tokumoto.AIA\miniFOX1-058_5c-2.CDF Translated at Thu Oct 27 11:25:31 2016 Elapsed: 0 sec
D:\AIAEXPRT\161018_miniFOX1-26, 1-35~69_AIAEXPRT_Tokumoto.AIA\miniFOX1-059_5c-7.CDF Translated at Thu Oct 27 11:25:31 2016 Elapsed: 1 sec
D:\AIAEXPRT\161018_miniFOX1-26, 1-35~69_AIAEXPRT_Tokumoto.AIA\miniFOX1-060_5d-3.CDF Translated at Thu Oct 27 11:25:32 2016 Elapsed: 1 sec
D:\AIAEXPRT\161018_miniFOX1-26, 1-35~69_AIAEXPRT_Tokumoto.AIA\miniFOX1-061_5d-5.CDF Translated at Thu Oct 27 11:25:33 2016 Elapsed: 0 sec
D:\AIAEXPRT\161018_miniFOX1-26, 1-35~69_AIAEXPRT_Tokumoto.AIA\miniFOX1-062_5d-6.CDF Translated at Thu Oct 27 11:25:33 2016 Elapsed: 1 sec
D:\AIAEXPRT\161018_miniFOX1-26, 1-35~69_AIAEXPRT_Tokumoto.AIA\miniFOX1-063_5e-1.CDF Translated at Thu Oct 27 11:25:34 2016 Elapsed: 0 sec
D:\AIAEXPRT\161018_miniFOX1-26, 1-35~69_AIAEXPRT_Tokumoto.AIA\miniFOX1-064_5e-3.CDF Translated at Thu Oct 27 11:25:34 2016 Elapsed: 1 sec
D:\AIAEXPRT\161018_miniFOX1-26, 1-35~69_AIAEXPRT_Tokumoto.AIA\miniFOX1-065_5e-10.CDF Translated at Thu Oct 27 11:25:35 2016 Elapsed: 1 sec
D:\AIAEXPRT\161018_miniFOX1-26, 1-35~69_AIAEXPRT_Tokumoto.AIA\miniFOX1-066_col(syn7)YFP-T1(1)-13.CDF Translated at Thu Oct 27 11:25:36 2016 Elapsed: 0 sec
D:\AIAEXPRT\161018_miniFOX1-26, 1-35~69_AIAEXPRT_Tokumoto.AIA\miniFOX1-067_5f-2.CDF Translated at Thu Oct 27 11:25:36 2016 Elapsed: 1 sec
D:\AIAEXPRT\161018_miniFOX1-26, 1-35~69_AIAEXPRT_Tokumoto.AIA\miniFOX1-068_5f-5.CDF Translated at Thu Oct 27 11:25:37 2016 Elapsed: 0 sec
D:\AIAEXPRT\161018_miniFOX1-26, 1-35~69_AIAEXPRT_Tokumoto.AIA\miniFOX1-069_5f-6.CDF Translated at Thu Oct 27 11:25:37 2016 Elapsed: 1 sec
