Beginning Export Process Fri Oct 14 13:44:18 2016
D:\AIAEXPRT\161012_miniFOX1-1~1-34_AIAEXPRT_Tokumoto.AIA\blank1.CDF Translated at Fri Oct 14 13:44:18 2016 Elapsed: 1 sec
D:\AIAEXPRT\161012_miniFOX1-1~1-34_AIAEXPRT_Tokumoto.AIA\blank2.CDF Translated at Fri Oct 14 13:44:19 2016 Elapsed: 0 sec
D:\AIAEXPRT\161012_miniFOX1-1~1-34_AIAEXPRT_Tokumoto.AIA\EM400ng_1.CDF Translated at Fri Oct 14 13:44:19 2016 Elapsed: 0 sec
D:\AIAEXPRT\161012_miniFOX1-1~1-34_AIAEXPRT_Tokumoto.AIA\EM400ng_2.CDF Translated at Fri Oct 14 13:44:19 2016 Elapsed: 1 sec
D:\AIAEXPRT\161012_miniFOX1-1~1-34_AIAEXPRT_Tokumoto.AIA\miniFOX1-001_col(syn7)YFP-T1(1)-8.CDF Translated at Fri Oct 14 13:44:20 2016 Elapsed: 0 sec
D:\AIAEXPRT\161012_miniFOX1-1~1-34_AIAEXPRT_Tokumoto.AIA\miniFOX1-002_3f-4.CDF Translated at Fri Oct 14 13:44:20 2016 Elapsed: 1 sec
D:\AIAEXPRT\161012_miniFOX1-1~1-34_AIAEXPRT_Tokumoto.AIA\miniFOX1-003_3f-8.CDF Translated at Fri Oct 14 13:44:21 2016 Elapsed: 0 sec
D:\AIAEXPRT\161012_miniFOX1-1~1-34_AIAEXPRT_Tokumoto.AIA\miniFOX1-004_3f-10.CDF Translated at Fri Oct 14 13:44:21 2016 Elapsed: 1 sec
D:\AIAEXPRT\161012_miniFOX1-1~1-34_AIAEXPRT_Tokumoto.AIA\miniFOX1-005_3g-2.CDF Translated at Fri Oct 14 13:44:22 2016 Elapsed: 0 sec
D:\AIAEXPRT\161012_miniFOX1-1~1-34_AIAEXPRT_Tokumoto.AIA\miniFOX1-006_3g-3.CDF Translated at Fri Oct 14 13:44:22 2016 Elapsed: 1 sec
D:\AIAEXPRT\161012_miniFOX1-1~1-34_AIAEXPRT_Tokumoto.AIA\miniFOX1-007_3g-6.CDF Translated at Fri Oct 14 13:44:23 2016 Elapsed: 1 sec
D:\AIAEXPRT\161012_miniFOX1-1~1-34_AIAEXPRT_Tokumoto.AIA\miniFOX1-008_3h-3.CDF Translated at Fri Oct 14 13:44:24 2016 Elapsed: 0 sec
D:\AIAEXPRT\161012_miniFOX1-1~1-34_AIAEXPRT_Tokumoto.AIA\miniFOX1-009_3h-5.CDF Translated at Fri Oct 14 13:44:24 2016 Elapsed: 1 sec
D:\AIAEXPRT\161012_miniFOX1-1~1-34_AIAEXPRT_Tokumoto.AIA\miniFOX1-010_3h-8.CDF Translated at Fri Oct 14 13:44:25 2016 Elapsed: 0 sec
D:\AIAEXPRT\161012_miniFOX1-1~1-34_AIAEXPRT_Tokumoto.AIA\miniFOX1-011_3i-2.CDF Translated at Fri Oct 14 13:44:25 2016 Elapsed: 1 sec
D:\AIAEXPRT\161012_miniFOX1-1~1-34_AIAEXPRT_Tokumoto.AIA\miniFOX1-012_3i-3.CDF Translated at Fri Oct 14 13:44:26 2016 Elapsed: 1 sec
D:\AIAEXPRT\161012_miniFOX1-1~1-34_AIAEXPRT_Tokumoto.AIA\miniFOX1-013_3i-5.CDF Translated at Fri Oct 14 13:44:27 2016 Elapsed: 0 sec
D:\AIAEXPRT\161012_miniFOX1-1~1-34_AIAEXPRT_Tokumoto.AIA\miniFOX1-014_col(syn7)YFP-T1(1)-9.CDF Translated at Fri Oct 14 13:44:27 2016 Elapsed: 1 sec
D:\AIAEXPRT\161012_miniFOX1-1~1-34_AIAEXPRT_Tokumoto.AIA\miniFOX1-015_3j-2.CDF Translated at Fri Oct 14 13:44:28 2016 Elapsed: 0 sec
D:\AIAEXPRT\161012_miniFOX1-1~1-34_AIAEXPRT_Tokumoto.AIA\miniFOX1-016_3j-6.CDF Translated at Fri Oct 14 13:44:28 2016 Elapsed: 1 sec
D:\AIAEXPRT\161012_miniFOX1-1~1-34_AIAEXPRT_Tokumoto.AIA\miniFOX1-017_3j-9.CDF Translated at Fri Oct 14 13:44:29 2016 Elapsed: 1 sec
D:\AIAEXPRT\161012_miniFOX1-1~1-34_AIAEXPRT_Tokumoto.AIA\miniFOX1-018_4a-1.CDF Translated at Fri Oct 14 13:44:30 2016 Elapsed: 0 sec
D:\AIAEXPRT\161012_miniFOX1-1~1-34_AIAEXPRT_Tokumoto.AIA\miniFOX1-019_4a-8.CDF Translated at Fri Oct 14 13:44:30 2016 Elapsed: 1 sec
D:\AIAEXPRT\161012_miniFOX1-1~1-34_AIAEXPRT_Tokumoto.AIA\miniFOX1-020_4a-9.CDF Translated at Fri Oct 14 13:44:31 2016 Elapsed: 1 sec
D:\AIAEXPRT\161012_miniFOX1-1~1-34_AIAEXPRT_Tokumoto.AIA\miniFOX1-021_4b-2.CDF Translated at Fri Oct 14 13:44:32 2016 Elapsed: 0 sec
D:\AIAEXPRT\161012_miniFOX1-1~1-34_AIAEXPRT_Tokumoto.AIA\miniFOX1-022_4b-6.CDF Translated at Fri Oct 14 13:44:32 2016 Elapsed: 1 sec
D:\AIAEXPRT\161012_miniFOX1-1~1-34_AIAEXPRT_Tokumoto.AIA\miniFOX1-023_4b-7.CDF Translated at Fri Oct 14 13:44:33 2016 Elapsed: 0 sec
D:\AIAEXPRT\161012_miniFOX1-1~1-34_AIAEXPRT_Tokumoto.AIA\miniFOX1-024_4c-6.CDF Translated at Fri Oct 14 13:44:33 2016 Elapsed: 1 sec
D:\AIAEXPRT\161012_miniFOX1-1~1-34_AIAEXPRT_Tokumoto.AIA\miniFOX1-025_4c-8.CDF Translated at Fri Oct 14 13:44:34 2016 Elapsed: 1 sec
D:\AIAEXPRT\161012_miniFOX1-1~1-34_AIAEXPRT_Tokumoto.AIA\miniFOX1-026_col(syn7)YFP-T1(1)-10.CDF Translated at Fri Oct 14 13:44:35 2016 Elapsed: 0 sec
D:\AIAEXPRT\161012_miniFOX1-1~1-34_AIAEXPRT_Tokumoto.AIA\miniFOX1-027_2i-9.CDF Translated at Fri Oct 14 13:44:35 2016 Elapsed: 1 sec
D:\AIAEXPRT\161012_miniFOX1-1~1-34_AIAEXPRT_Tokumoto.AIA\miniFOX1-028_2j-3.CDF Translated at Fri Oct 14 13:44:36 2016 Elapsed: 0 sec
D:\AIAEXPRT\161012_miniFOX1-1~1-34_AIAEXPRT_Tokumoto.AIA\miniFOX1-029_4d-1.CDF Translated at Fri Oct 14 13:44:36 2016 Elapsed: 1 sec
D:\AIAEXPRT\161012_miniFOX1-1~1-34_AIAEXPRT_Tokumoto.AIA\miniFOX1-030_4d-3.CDF Translated at Fri Oct 14 13:44:37 2016 Elapsed: 1 sec
D:\AIAEXPRT\161012_miniFOX1-1~1-34_AIAEXPRT_Tokumoto.AIA\miniFOX1-031_4d-9.CDF Translated at Fri Oct 14 13:44:38 2016 Elapsed: 0 sec
D:\AIAEXPRT\161012_miniFOX1-1~1-34_AIAEXPRT_Tokumoto.AIA\miniFOX1-032_4e-3.CDF Translated at Fri Oct 14 13:44:38 2016 Elapsed: 1 sec
D:\AIAEXPRT\161012_miniFOX1-1~1-34_AIAEXPRT_Tokumoto.AIA\miniFOX1-033_4e-5.CDF Translated at Fri Oct 14 13:44:39 2016 Elapsed: 0 sec
D:\AIAEXPRT\161012_miniFOX1-1~1-34_AIAEXPRT_Tokumoto.AIA\miniFOX1-034_4e-7.CDF Translated at Fri Oct 14 13:44:39 2016 Elapsed: 1 sec
